# seconds
23.7097
24.4639
24.0786
25.2652
23.8215
24.6139
24.7335
24.4237
24.6024
23.4737
24.5563
24.4459
24.7307
23.7703
25.1655
23.5336
24.195
25.1455
23.7108
24.455
24.8012
24.7176
24.9045
23.665
23.9219
24.6252
24.9568
24.5017
24.2434
24.7016
media:  24.39778666666666666666

# microseconds (usec)
23709700
24463900
24078600
25265200
23821500
24613900
24733500
24423700
24602400
23473700
24556300
24445900
24730700
23770300
25165500
23533600
24195000
25145500
23710800
24455000
24801200
24717600
24904500
23665000
23921900
24625200
24956800
24501700
24243400
24701600
media:	24397786.67
