# seconds
24.6082
24.7672
24.5901
25.4296
24.6791
23.9365
24.6015
24.9555
24.5748
24.9132
24.3579
24.661
23.3272
24.5264
24.5618
25.3527
24.3066
24.4332
24.463
24.5966
24.7775
23.971
23.5562
23.6638
24.534
24.3759
24.3616
24.3033
25.0846
23.8429
media:  24.47043000000000000000

# microseconds (usec)
24608200
24767200
24590100
25429600
24679100
23936500
24601500
24955500
24574800
24913200
24357900
24661000
23327200
24526400
24561800
25352700
24306600
24433200
24463000
24596600
24777500
23971000
23556200
23663800
24534000
24375900
24361600
24303300
25084600
23842900
media:	24470430

