# seconds
41.904
41.0397
40.7552
41.6461
42.5141
41.272
41.6326
43.1283
41.7148
42.4449
41.7933
42.2307
42.7914
40.6812
42.1637
42.0455
41.8239
42.6507
43.5369
43.352
41.6271
41.6019
42.4496
40.7777
42.7096
43.5456
43.5496
40.9501
43.1204
42.6001
media:  42.13509000000000000000

# microseconds (usec)
41904000
41039700
40755200
41646100
42514100
41272000
41632600
43128300
41714800
42444900
41793300
42230700
42791400
40681200
42163700
42045500
41823900
42650700
43536900
43352000
41627100
41601900
42449600
40777700
42709600
43545600
43549600
40950100
43120400
42600100
media:	42135090
