# seconds
20.9224
20.8115
20.7087
20.8621
20.8739
20.909
20.8086
20.9091
20.8367
20.8568
20.835
20.8687
20.831
20.8561
20.7876
20.7182
20.8682
20.9689
20.8751
20.9488
20.6564
20.9497
20.8902
20.791
20.8664
20.9788
21.054
20.9054
21.0881
20.7893
media:  20.86752333333333333333

# microseconds (usec)
20922400
20811500
20708700
20862100
20873900
20909000
20808600
20909100
20836700
20856800
20835000
20868700
20831000
20856100
20787600
20718200
20868200
20968900
20875100
20948800
20656400
20949700
20890200
20791000
20866400
20978800
21054000
20905400
21088100
20789300
media:	20867523.33
