# seconds
7.58796
7.85496
7.16289
6.53373
7.7905
7.79925
7.68818
7.68735
7.77366
8.02455
6.92876
7.29777
7.75585
7.53043
7.71029
6.87221
7.19328
7.16765
7.85082
7.25082
6.90786
7.82944
7.5313
7.3421
8.34407
7.85867
7.7494
7.79292
6.74336
8.17099
media:  7.52436733333333333333

# microseconds (usec)
7587960
7854960
7162890
6533730
7790500
7799250
7688180
7687350
7773660
8024550
6928760
7297770
7755850
7530430
7710290
6872210
7193280
7167650
7850820
7250820
6907860
7829440
7531300
7342100
8344070
7858670
7749400
7792920
6743360
8170990
media:	7524367.333
