#seconds
4.05137
4.22632
4.1018
4.39151
4.17827
4.20622
4.22946
4.11489
4.33112
4.48454
4.40719
4.16358
4.21328
4.19166
4.11099
4.40436
4.21343
4.31197
4.21377
4.08379
4.20186
4.13505
4.13981
4.22048
4.42554	
4.24194
4.30242
4.12997
4.07987
4.17208
media:  4.22261800000000000000

# microseconds (usec)
4051370
4226320
4101800
4391510
4178270
4206220
4229460
4114890
4331120
4484540
4407190
4163580
4213280
4191660
4110990
4404360
4213430
4311970
4213770
4083790
4201860
4135050
4139810
4220480
4425540
4241940
4302420
4129970
4079870
4172080
media:	4222618
