#seconds
1.82368
1.83053
1.91132
1.82208
1.79545
1.83922
1.81406
1.82524
1.88818
1.80599
1.80142
1.80236
1.83318
1.79066
1.84698
1.85165
1.76098
1.84157
1.82461
1.85756
1.78766
1.82808
1.8227
1.81125
1.81859
1.83054
1.79802
1.82805
1.77581
1.82973
media:  1.82323833333333333333

# microseconds (usec)
1823680
1830530
1911320
1822080
1795450
1839220
1814060
1825240
1888180
1805990
1801420
1802360
1833180
1790660
1846980
1851650
1760980
1841570
1824610
1857560
1787660
1828080
1822700
1811250
1818590
1830540
1798020
1828050
1775810
1829730
media:	1823238.333
