# seconds
41.3926
42.1906
41.7089
41.331
41.4641
41.4359
41.7372
41.8247
41.4122
41.5051
41.6165
41.3509
41.6087
41.4965
41.5079
41.5479
41.2456
41.7522
41.5988
41.7994
41.7042
41.4877
41.385
41.4578
41.4246
41.5845
41.4563
41.2001
41.6161
41.5546
media:  41.54658666666666666666

# microseconds (usec)
41392600
42190600
41708900
41331000
41464100
41435900
41737200
41824700
41412200
41505100
41616500
41350900
41608700
41496500
41507900
41547900
41245600
41752200
41598800
41799400
41704200
41487700
41385000
41457800
41424600
41584500
41456300
41200100
41616100
41554600
media:	41546586.67
