# seconds
20.5097
20.5312
20.1331
20.3767
20.3888
20.3657
20.3629
20.3489
21.0244
20.4205
20.4235
20.5284
20.4042
20.1931
20.1555
20.4434
20.9892
20.3515
20.3783
20.4928
20.3994
20.4005
20.3386
20.4716
20.3602
20.5372
20.4024
20.3404
20.4533
20.4007
media:  20.43087000000000000000

# microseconds (usec)
20509700
20531200
20133100
20376700
20388800
20365700
20362900
20348900
21024400
20420500
20423500
20528400
20404200
20193100
20155500
20443400
20989200
20351500
20378300
20492800
20399400
20400500
20338600
20471600
20360200
20537200
20402400
20340400
20453300
20400700
media: 20430870
