# seconds
3.37103
3.43608
3.28194
3.75671
3.42579
3.96698
3.19366
3.12534
3.40043
3.35647
3.47374
3.28529
3.40414
3.39339
3.78369
3.43201
3.97743
3.56261
3.6794
3.3206
3.44146
3.24086
3.52198
3.22637
3.44877
3.22195
3.71165
3.67387
3.32574
3.70373
media:  3.47143700000000000000

# microseconds (usec)
3371030
3436080
3281940
3756710
3425790
3966980
3193660
3125340
3400430
3356470
3473740
3285290
3404140
3393390
3783690
3432010
3977430
3562610
3679400
3320600
3441460
3240860
3521980
3226370
3448770
3221950
3711650
3673870
3325740
3703730
media:	3471437

