# seconds
7.58276
7.86095
7.14062
7.71559
7.84537
7.08704
7.84569
7.35701
6.66491
7.15361
6.7071
6.44995
8.02531
6.66242
6.66603
6.64654
7.07322
6.8353
7.85971
7.20187
6.66453
7.80824
6.22192
7.40153
7.05369
7.22432
7.59997
7.52996
6.94543
6.55322
media:  7.17946033333333333333

# microseconds (usec)
7582760
7860950
7140620
7715590
7845370
7087040
7845690
7357010
6664910
7153610
6707100
6449950
8025310
6662420
6666030
6646540
7073220
6835300
7859710
7201870
6664530
7808240
6221920
7401530
7053690
7224320
7599970
7529960
6945430
6553220
media:	7179460.333
