# seconds
50.4894
48.8718
50.8893
49.2483
50.6753
49.3113
49.8645
49.542
50.243
48.8969
49.0165
49.9996
49.2077
50.3552
49.1836
49.2476
49.2447
49.1416
50.2691
48.0062
47.9811
50.3223
49.1282
49.3436
48.9329
47.3664
47.2747
48.9182
47.6122
48.3593
media:  49.23141666666666666666

# microseconds (usec)
50489400
48871800
50889300
49248300
50675300
49311300
49864500
49542000
50243000
48896900
49016500
49999600
49207700
50355200
49183600
49247600
49244700
49141600
50269100
48006200
47981100
50322300
49128200
49343600
48932900
47366400
47274700
48918200
47612200
48359300
media:	49231416.67
