#seconds
4.08964
4.07725
4.10139
4.09462
4.11735
4.12733
4.09252
4.10359
4.11044
4.10311
4.09467
4.08232
4.07812
4.08323
4.07396
4.09902
4.07944
4.09018
4.09955
4.07733
4.12626
4.08529
4.22128
4.09133
4.13758
4.12019
4.08216
4.08776
4.16737
4.0956
media:  4.10299600000000000000

# microseconds (usec)
4089640
4077250
4101390
4094620
4117350
4127330
4092520
4103590
4110440
4103110
4094670
4082320
4078120
4083230
4073960
4099020
4079440
4090180
4099550
4077330
4126260
4085290
4221280
4091330
4137580
4120190
4082160
4087760
4167370
4095600
media: 4102996

