# seconds
2.09334
2.20506
2.07429
2.08108
2.10382
2.06081
2.05723
2.18154
2.09879
2.25552
2.0171
2.04155
2.10157
2.15393
2.15236
2.14361
2.25798
2.11038
2.10692
2.10919
2.24819
2.119
2.11213
2.17352
2.19173
2.19507
2.05548
2.137
2.02089
2.1588
media:  2.12726266666666666666

# microseconds (usec)
2093340
2205060
2074290
2081080
2103820
2060810
2057230
2181540
2098790
2255520
2017100
2041550
2101570
2153930
2152360
2143610
2257980
2110380
2106920
2109190
2248190
2119000
2112130
2173520
2191730
2195070
2055480
2137000
2020890
2158800
media:	2127262.667
