#seconds
2.03704
2.03419
2.05087
2.02879
2.05287
2.06858
2.03826
2.05732
2.03769
2.04378
2.04011
2.08687
2.05732
2.06949
2.06715
2.05483
2.03306
2.04996
2.0719
2.04641
2.05758
2.09106
2.04168
2.05661
2.1123
2.0534
2.09965
2.06129
2.08367
2.05658
media:  2.05801033333333333333

# microseconds (usec)
2037040
2034190
2050870
2028790
2052870
2068580
2038260
2057320
2037690
2043780
2040110
2086870
2057320
2069490
2067150
2054830
2033060
2049960
2071900
2046410
2057580
2091060
2041680
2056610
2112300
2053400
2099650
2061290
2083670
2056580
media: 	2058010.333

