# seconds
40.8384
40.7997
40.858
40.1218
40.7586
40.3114
40.7987
40.9649
40.6385
40.8388
40.946
41.7967
40.7869
40.8858
40.8094
40.2906
40.8847
40.1892
40.803
40.5053
40.9525
40.9726
41.2813
41.0471
40.6303
40.9791
40.0946
40.6903
40.424
42.0023
media:  40.79668333333333333333

# microseconds (usec)
40838400
40799700
40858000
40121800
40758600
40311400
40798700
40964900
40638500
40838800
40946000
41796700
40786900
40885800
40809400
40290600
40884700
40189200
40803000
40505300
40952500
40972600
41281300
41047100
40630300
40979100
40094600
40690300
40424000
42002300
media: 	40796683.33

