# seconds
20.7861
20.6041
20.2958
20.5516
20.8084
20.3357
20.4243
20.388
20.6857
20.8319
20.8536
20.8514
21.7561
22.112
20.9821
21.0716
20.9302
20.2552
21.0959
21.0616
21.3949
21.289
20.8553
21.3645
20.8466
21.783
21.9552
20.8751
21.4538
22.0081
media:  21.01689333333333333333

# microseconds (usec)
20786100
20604100
20295800
20551600
20808400
20335700
20424300
20388000
20685700
20831900
20853600
20851400
21756100
22112000
20982100
21071600
20930200
20255200
21095900
21061600
21394900
21289000
20855300
21364500
20846600
21783000
21955200
20875100
21453800
22008100
media:	21016893.33

