#seconds
3.54316
3.6363
3.72284
3.57406
3.65789
3.52202
3.63004
3.75514
3.58964
3.66547
3.68951
3.64268
3.73208
3.64471
3.6602
3.43576
3.58956
3.53003
3.62722
3.56734
3.66723
3.62479
3.63261
3.61361
3.67787
3.66227
3.65979
3.64819
3.5975
3.56518
media:  3.62548966666666666666

# microseconds (usec)
3543160
3636300
3722840
3574060
3657890
3522020
3630040
3755140
3589640
3665470
3689510
3642680
3732080
3644710
3660200
3435760
3589560
3530030
3627220
3567340
3667230
3624790
3632610
3613610
3677870
3662270
3659790
3648190
3597500
3565180
media: 3625489.667
