# seconds
48.3416
50.534
49.0394
49.1578
49.8375
49.2479
47.5157
50.7159
49.2608
48.9618
49.0135
49.0608
49.3342
49.119
48.7517
49.4015
48.6079
48.7443
48.918
49.2755
50.924
49.2051
48.4102
49.2938
49.0101
48.2126
48.8583
49.7511
49.1737
49.2779
media:  49.16518666666666666666

# microseconds (usec)
48341600
50534000
49039400
49157800
49837500
49247900
47515700
50715900
49260800
48961800
49013500
49060800
49334200
49119000
48751700
49401500
48607900
48744300
48918000
49275500
50924000
49205100
48410200
49293800
49010100
48212600
48858300
49751100
49173700
49277900
media:	49165186.67

