# seconds
3.96716
3.6332
3.58878
3.18329
3.9159
3.32925
3.35765
3.22389
4.01373
3.25843
3.41897
3.82461
3.85488
3.46233
3.34032
3.37233
3.82308
3.3489
3.90885
3.53576
3.13825
3.78923
3.3455
3.77424
3.83987
3.75321
3.82367
3.72566
3.10049
3.07756
media:  3.55763300000000000000

# microseconds (usec)
3967160
3633200
3588780
3183290
3915900
3329250
3357650
3223890
4013730
3258430
3418970
3824610
3854880
3462330
3340320
3372330
3823080
3348900
3908850
3535760
3138250
3789230
3345500
3774240
3839870
3753210
3823670
3725660
3100490
3077560
media: 3557633
